<?xml version="1.0" encoding="UTF-8"?>
<!-- Generated by org.testng.reporters.JUnitReportReporter -->
<testsuite skipped="0" hostname="pahlabi-PC" name="com.w2a.testcases.BankManagerLoginTest" tests="1" failures="0" timestamp="16 Jul 2020 22:52:11 GMT" time="4.089" errors="0">
  <testcase name="bankManagerLoginTest" time="4.089" classname="com.w2a.testcases.BankManagerLoginTest"/>
</testsuite> <!-- com.w2a.testcases.BankManagerLoginTest -->
