<?xml version="1.0" encoding="UTF-8"?>
<!-- Generated by org.testng.reporters.JUnitReportReporter -->
<testsuite skipped="0" hostname="pahlabi-PC" name="com.w2a.testcases.OpenAccountTest" tests="1" failures="0" timestamp="16 Jul 2020 22:52:11 GMT" time="3.122" errors="0">
  <testcase name="openAccountTest" time="3.122" classname="com.w2a.testcases.OpenAccountTest"/>
</testsuite> <!-- com.w2a.testcases.OpenAccountTest -->
